<?xml version="1.0" encoding="UTF-8"?>
<!-- Generated by org.testng.reporters.JUnitXMLReporter -->
<testsuite hostname="Udanka" name="Command line test" tests="1" failures="1" timestamp="12 Jan 2015 14:12:13 GMT" time="52.976" errors="0">
  <testcase name="testPasswordReset" time="35.509" classname="com.email.scripts.PasswordReset">
    <failure type="org.openqa.selenium.NoSuchWindowException" message="Window not found. The browser window may have been closed.
Command duration or timeout: 94 milliseconds
Build info: version: &amp;apos;2.44.0&amp;apos;, revision: &amp;apos;76d78cf&amp;apos;, time: &amp;apos;2014-10-23 20:02:37&amp;apos;
System info: host: &amp;apos;Udanka&amp;apos;, ip: &amp;apos;192.168.1.8&amp;apos;, os.name: &amp;apos;Windows 8.1&amp;apos;, os.arch: &amp;apos;amd64&amp;apos;, os.version: &amp;apos;6.3&amp;apos;, java.version: &amp;apos;1.8.0_25&amp;apos;
Driver info: org.openqa.selenium.firefox.FirefoxDriver
Capabilities [{applicationCacheEnabled=true, rotatable=false, handlesAlerts=true, databaseEnabled=true, version=34.0, platform=WINDOWS, nativeEvents=false, acceptSslCerts=true, webStorageEnabled=true, locationContextEnabled=true, browserName=firefox, takesScreenshot=true, javascriptEnabled=true, cssSelectorsEnabled=true}]
Session ID: bb499eb9-07d0-4ac5-9af5-77c1a83a9e85">
      <![CDATA[org.openqa.selenium.NoSuchWindowException: Window not found. The browser window may have been closed.
Command duration or timeout: 94 milliseconds
Build info: version: '2.44.0', revision: '76d78cf', time: '2014-10-23 20:02:37'
System info: host: 'Udanka', ip: '192.168.1.8', os.name: 'Windows 8.1', os.arch: 'amd64', os.version: '6.3', java.version: '1.8.0_25'
Driver info: org.openqa.selenium.firefox.FirefoxDriver
Capabilities [{applicationCacheEnabled=true, rotatable=false, handlesAlerts=true, databaseEnabled=true, version=34.0, platform=WINDOWS, nativeEvents=false, acceptSslCerts=true, webStorageEnabled=true, locationContextEnabled=true, browserName=firefox, takesScreenshot=true, javascriptEnabled=true, cssSelectorsEnabled=true}]
Session ID: bb499eb9-07d0-4ac5-9af5-77c1a83a9e85
	at org.openqa.selenium.remote.ErrorHandler.createThrowable(ErrorHandler.java:204)
	at org.openqa.selenium.remote.ErrorHandler.throwIfResponseFailed(ErrorHandler.java:156)
	at org.openqa.selenium.remote.RemoteWebDriver.execute(RemoteWebDriver.java:599)
	at org.openqa.selenium.remote.RemoteWebDriver.findElement(RemoteWebDriver.java:352)
	at org.openqa.selenium.remote.RemoteWebDriver.findElementById(RemoteWebDriver.java:393)
	at org.openqa.selenium.By$ById.findElement(By.java:214)
	at org.openqa.selenium.remote.RemoteWebDriver.findElement(RemoteWebDriver.java:344)
	at org.openqa.selenium.support.pagefactory.DefaultElementLocator.findElement(DefaultElementLocator.java:59)
	at org.openqa.selenium.support.pagefactory.internal.LocatingElementHandler.invoke(LocatingElementHandler.java:37)
	at com.sun.proxy.$Proxy4.click(Unknown Source)
	at com.email.pom.iREPPasswordResetProfile.reset(iREPPasswordResetProfile.java:68)
	at com.email.scripts.PasswordReset.testPasswordReset(PasswordReset.java:37)
	at com.email.scripts.PwdReset.main(PwdReset.java:14)
Caused by: org.openqa.selenium.NoSuchWindowException: Window not found. The browser window may have been closed.
Build info: version: '2.44.0', revision: '76d78cf', time: '2014-10-23 20:02:37'
System info: host: 'Udanka', ip: '192.168.1.8', os.name: 'Windows 8.1', os.arch: 'amd64', os.version: '6.3', java.version: '1.8.0_25'
Driver info: driver.version: unknown
	at <anonymous class>.nsCommandProcessor.prototype.execute(file:///C:/Users/Udanka/AppData/Local/Temp/anonymous80241741888823376webdriver-profile/extensions/fxdriver@googlecode.com/components/command-processor.js:11706:23)
	at <anonymous class>.Dispatcher.executeAs/<(file:///C:/Users/Udanka/AppData/Local/Temp/anonymous80241741888823376webdriver-profile/extensions/fxdriver@googlecode.com/components/driver-component.js:8437:5)
	at <anonymous class>.Resource.prototype.handle(file:///C:/Users/Udanka/AppData/Local/Temp/anonymous80241741888823376webdriver-profile/extensions/fxdriver@googlecode.com/components/driver-component.js:8584:219)
	at <anonymous class>.Dispatcher.prototype.dispatch(file:///C:/Users/Udanka/AppData/Local/Temp/anonymous80241741888823376webdriver-profile/extensions/fxdriver@googlecode.com/components/driver-component.js:8531:36)
	at <anonymous class>.WebDriverServer/<.handle(file:///C:/Users/Udanka/AppData/Local/Temp/anonymous80241741888823376webdriver-profile/extensions/fxdriver@googlecode.com/components/driver-component.js:11489:5)
	at <anonymous class>.createHandlerFunc/<(file:///C:/Users/Udanka/AppData/Local/Temp/anonymous80241741888823376webdriver-profile/extensions/fxdriver@googlecode.com/components/httpd.js:1935:41)
	at <anonymous class>.ServerHandler.prototype.handleResponse(file:///C:/Users/Udanka/AppData/Local/Temp/anonymous80241741888823376webdriver-profile/extensions/fxdriver@googlecode.com/components/httpd.js:2261:15)
	at <anonymous class>.Connection.prototype.process(file:///C:/Users/Udanka/AppData/Local/Temp/anonymous80241741888823376webdriver-profile/extensions/fxdriver@googlecode.com/components/httpd.js:1168:5)
	at <anonymous class>.RequestReader.prototype._handleResponse(file:///C:/Users/Udanka/AppData/Local/Temp/anonymous80241741888823376webdriver-profile/extensions/fxdriver@googlecode.com/components/httpd.js:1616:5)
	at <anonymous class>.RequestReader.prototype._processBody(file:///C:/Users/Udanka/AppData/Local/Temp/anonymous80241741888823376webdriver-profile/extensions/fxdriver@googlecode.com/components/httpd.js:1464:9)
	at <anonymous class>.RequestReader.prototype.onInputStreamReady(file:///C:/Users/Udanka/AppData/Local/Temp/anonymous80241741888823376webdriver-profile/extensions/fxdriver@googlecode.com/components/httpd.js:1333:9)
... Removed 25 stack frames]]>
    </failure>
  </testcase> <!-- testPasswordReset -->
</testsuite> <!-- Command line test -->
